F:\x项目管理_盛意林\C++客户端\xxteatest\Debug\xxtea_experiment.exe
F:\x项目管理_盛意林\C++客户端\xxteatest\Debug\xxtea_experiment.ilk
F:\x项目管理_盛意林\C++客户端\xxteatest\Debug\xxtea_experiment.pdb
F:\x项目管理_盛意林\C++客户端\xxteatest\xxtea_experiment\Debug\cl.command.1.tlog
F:\x项目管理_盛意林\C++客户端\xxteatest\xxtea_experiment\Debug\cl.read.1.tlog
F:\x项目管理_盛意林\C++客户端\xxteatest\xxtea_experiment\Debug\cl.write.1.tlog
F:\x项目管理_盛意林\C++客户端\xxteatest\xxtea_experiment\Debug\link.command.1.tlog
F:\x项目管理_盛意林\C++客户端\xxteatest\xxtea_experiment\Debug\rc.command.1.tlog
F:\x项目管理_盛意林\C++客户端\xxteatest\xxtea_experiment\Debug\rc.read.1.tlog
F:\x项目管理_盛意林\C++客户端\xxteatest\xxtea_experiment\Debug\rc.write.1.tlog
F:\x项目管理_盛意林\C++客户端\xxteatest\xxtea_experiment\Debug\stdafx.obj
F:\x项目管理_盛意林\C++客户端\xxteatest\xxtea_experiment\Debug\vc100.idb
F:\X项目管理_盛意林\C++客户端\XXTEATEST\XXTEA_EXPERIMENT\DEBUG\VC100.PDB
F:\x项目管理_盛意林\C++客户端\xxteatest\xxtea_experiment\Debug\xxtea.obj
F:\x项目管理_盛意林\C++客户端\xxteatest\xxtea_experiment\Debug\xxtea_experiment.exe.embed.manifest
F:\x项目管理_盛意林\C++客户端\xxteatest\xxtea_experiment\Debug\xxtea_experiment.exe.embed.manifest.res
F:\x项目管理_盛意林\C++客户端\xxteatest\xxtea_experiment\Debug\xxtea_experiment.exe.intermediate.manifest
F:\x项目管理_盛意林\C++客户端\xxteatest\xxtea_experiment\Debug\xxtea_experiment.obj
F:\x项目管理_盛意林\C++客户端\xxteatest\xxtea_experiment\Debug\xxtea_experiment.pch
F:\x项目管理_盛意林\C++客户端\xxteatest\xxtea_experiment\Debug\xxtea_experiment_manifest.rc
